[2022-01-18 12:05:55,301] {taskinstance.py:903} INFO - Dependencies all met for <TaskInstance: example_dag_2.dbt_run 2022-01-18T11:54:42.954837+00:00 [queued]>
[2022-01-18 12:05:55,425] {taskinstance.py:903} INFO - Dependencies all met for <TaskInstance: example_dag_2.dbt_run 2022-01-18T11:54:42.954837+00:00 [queued]>
[2022-01-18 12:05:55,425] {taskinstance.py:1094} INFO - 
--------------------------------------------------------------------------------
[2022-01-18 12:05:55,425] {taskinstance.py:1095} INFO - Starting attempt 1 of 1
[2022-01-18 12:05:55,426] {taskinstance.py:1096} INFO - 
--------------------------------------------------------------------------------
[2022-01-18 12:05:55,586] {taskinstance.py:1114} INFO - Executing <Task(BashOperator): dbt_run> on 2022-01-18T11:54:42.954837+00:00
[2022-01-18 12:05:55,601] {standard_task_runner.py:52} INFO - Started process 185 to run task
[2022-01-18 12:05:55,671] {standard_task_runner.py:76} INFO - Running: ['***', 'tasks', 'run', 'example_dag_2', 'dbt_run', '2022-01-18T11:54:42.954837+00:00', '--job-id', '663', '--pool', 'default_pool', '--raw', '--subdir', 'DAGS_FOLDER/dbt_example.py', '--cfg-path', '/tmp/tmpfv9vyjhj', '--error-file', '/tmp/tmp33_pccvm']
[2022-01-18 12:05:55,672] {standard_task_runner.py:77} INFO - Job 663: Subtask dbt_run
[2022-01-18 12:05:56,082] {logging_mixin.py:109} INFO - Running <TaskInstance: example_dag_2.dbt_run 2022-01-18T11:54:42.954837+00:00 [running]> on host c7f08ec3c7e5
[2022-01-18 12:05:56,650] {taskinstance.py:1251} INFO - Exporting the following env vars:
AIRFLOW_CTX_DAG_OWNER=***
AIRFLOW_CTX_DAG_ID=example_dag_2
AIRFLOW_CTX_TASK_ID=dbt_run
AIRFLOW_CTX_EXECUTION_DATE=2022-01-18T11:54:42.954837+00:00
AIRFLOW_CTX_DAG_RUN_ID=manual__2022-01-18T11:54:42.954837+00:00
[2022-01-18 12:05:56,651] {subprocess.py:52} INFO - Tmp dir root location: 
 /tmp
[2022-01-18 12:05:56,651] {subprocess.py:63} INFO - Running command: ['bash', '-c', 'pwd']
[2022-01-18 12:05:56,782] {subprocess.py:74} INFO - Output:
[2022-01-18 12:05:56,809] {subprocess.py:78} INFO - /tmp/***tmpj91ode1v
[2022-01-18 12:05:56,831] {subprocess.py:82} INFO - Command exited with return code 0
[2022-01-18 12:05:56,952] {taskinstance.py:1211} INFO - Marking task as SUCCESS. dag_id=example_dag_2, task_id=dbt_run, execution_date=20220118T115442, start_date=20220118T120555, end_date=20220118T120556
[2022-01-18 12:05:57,101] {local_task_job.py:151} INFO - Task exited with return code 0
[2022-01-18 12:05:57,232] {local_task_job.py:261} INFO - 0 downstream tasks scheduled from follow-on schedule check
