[2022-01-18 14:57:58,205] {taskinstance.py:903} INFO - Dependencies all met for <TaskInstance: example_dag.dbt_trigger 2022-01-18T14:57:24.543229+00:00 [queued]>
[2022-01-18 14:57:58,216] {taskinstance.py:903} INFO - Dependencies all met for <TaskInstance: example_dag.dbt_trigger 2022-01-18T14:57:24.543229+00:00 [queued]>
[2022-01-18 14:57:58,216] {taskinstance.py:1094} INFO - 
--------------------------------------------------------------------------------
[2022-01-18 14:57:58,216] {taskinstance.py:1095} INFO - Starting attempt 1 of 1
[2022-01-18 14:57:58,216] {taskinstance.py:1096} INFO - 
--------------------------------------------------------------------------------
[2022-01-18 14:57:58,223] {taskinstance.py:1114} INFO - Executing <Task(BashOperator): dbt_trigger> on 2022-01-18T14:57:24.543229+00:00
[2022-01-18 14:57:58,226] {standard_task_runner.py:52} INFO - Started process 193 to run task
[2022-01-18 14:57:58,230] {standard_task_runner.py:76} INFO - Running: ['***', 'tasks', 'run', 'example_dag', 'dbt_trigger', '2022-01-18T14:57:24.543229+00:00', '--job-id', '1255', '--pool', 'default_pool', '--raw', '--subdir', 'DAGS_FOLDER/example_dag.py', '--cfg-path', '/tmp/tmpftbu74tm', '--error-file', '/tmp/tmpuzoydnml']
[2022-01-18 14:57:58,231] {standard_task_runner.py:77} INFO - Job 1255: Subtask dbt_trigger
[2022-01-18 14:57:58,274] {logging_mixin.py:109} INFO - Running <TaskInstance: example_dag.dbt_trigger 2022-01-18T14:57:24.543229+00:00 [running]> on host c7f08ec3c7e5
[2022-01-18 14:57:58,324] {taskinstance.py:1251} INFO - Exporting the following env vars:
AIRFLOW_CTX_DAG_OWNER=***
AIRFLOW_CTX_DAG_ID=example_dag
AIRFLOW_CTX_TASK_ID=dbt_trigger
AIRFLOW_CTX_EXECUTION_DATE=2022-01-18T14:57:24.543229+00:00
AIRFLOW_CTX_DAG_RUN_ID=manual__2022-01-18T14:57:24.543229+00:00
[2022-01-18 14:57:58,325] {subprocess.py:52} INFO - Tmp dir root location: 
 /tmp
[2022-01-18 14:57:58,325] {subprocess.py:63} INFO - Running command: ['bash', '-c', 'cd /home && pwd']
[2022-01-18 14:57:58,332] {subprocess.py:74} INFO - Output:
[2022-01-18 14:57:58,333] {subprocess.py:78} INFO - /home
[2022-01-18 14:57:58,333] {subprocess.py:82} INFO - Command exited with return code 0
[2022-01-18 14:57:58,359] {taskinstance.py:1211} INFO - Marking task as SUCCESS. dag_id=example_dag, task_id=dbt_trigger, execution_date=20220118T145724, start_date=20220118T145758, end_date=20220118T145758
[2022-01-18 14:57:58,401] {local_task_job.py:151} INFO - Task exited with return code 0
[2022-01-18 14:57:58,421] {local_task_job.py:261} INFO - 0 downstream tasks scheduled from follow-on schedule check
