[2022-01-18 12:06:53,717] {taskinstance.py:903} INFO - Dependencies all met for <TaskInstance: example_dag_2.dbt_run 2020-11-19T00:00:00+00:00 [queued]>
[2022-01-18 12:06:53,725] {taskinstance.py:903} INFO - Dependencies all met for <TaskInstance: example_dag_2.dbt_run 2020-11-19T00:00:00+00:00 [queued]>
[2022-01-18 12:06:53,726] {taskinstance.py:1094} INFO - 
--------------------------------------------------------------------------------
[2022-01-18 12:06:53,726] {taskinstance.py:1095} INFO - Starting attempt 1 of 1
[2022-01-18 12:06:53,726] {taskinstance.py:1096} INFO - 
--------------------------------------------------------------------------------
[2022-01-18 12:06:53,743] {taskinstance.py:1114} INFO - Executing <Task(BashOperator): dbt_run> on 2020-11-19T00:00:00+00:00
[2022-01-18 12:06:53,752] {standard_task_runner.py:52} INFO - Started process 683 to run task
[2022-01-18 12:06:53,762] {standard_task_runner.py:76} INFO - Running: ['***', 'tasks', 'run', 'example_dag_2', 'dbt_run', '2020-11-19T00:00:00+00:00', '--job-id', '826', '--pool', 'default_pool', '--raw', '--subdir', 'DAGS_FOLDER/dbt_example.py', '--cfg-path', '/tmp/tmp_ut494an', '--error-file', '/tmp/tmptnz4m5ef']
[2022-01-18 12:06:53,764] {standard_task_runner.py:77} INFO - Job 826: Subtask dbt_run
[2022-01-18 12:06:53,826] {logging_mixin.py:109} INFO - Running <TaskInstance: example_dag_2.dbt_run 2020-11-19T00:00:00+00:00 [running]> on host c7f08ec3c7e5
[2022-01-18 12:06:53,938] {taskinstance.py:1251} INFO - Exporting the following env vars:
AIRFLOW_CTX_DAG_OWNER=***
AIRFLOW_CTX_DAG_ID=example_dag_2
AIRFLOW_CTX_TASK_ID=dbt_run
AIRFLOW_CTX_EXECUTION_DATE=2020-11-19T00:00:00+00:00
AIRFLOW_CTX_DAG_RUN_ID=scheduled__2020-11-19T00:00:00+00:00
[2022-01-18 12:06:53,939] {subprocess.py:52} INFO - Tmp dir root location: 
 /tmp
[2022-01-18 12:06:53,939] {subprocess.py:63} INFO - Running command: ['bash', '-c', 'pwd']
[2022-01-18 12:06:53,959] {subprocess.py:74} INFO - Output:
[2022-01-18 12:06:53,962] {subprocess.py:78} INFO - /tmp/***tmpkz6blefo
[2022-01-18 12:06:53,962] {subprocess.py:82} INFO - Command exited with return code 0
[2022-01-18 12:06:54,034] {taskinstance.py:1211} INFO - Marking task as SUCCESS. dag_id=example_dag_2, task_id=dbt_run, execution_date=20201119T000000, start_date=20220118T120653, end_date=20220118T120654
[2022-01-18 12:06:54,095] {local_task_job.py:151} INFO - Task exited with return code 0
[2022-01-18 12:06:54,138] {local_task_job.py:261} INFO - 0 downstream tasks scheduled from follow-on schedule check
