[2022-01-18 12:07:51,314] {taskinstance.py:903} INFO - Dependencies all met for <TaskInstance: example_dag_2.dbt_run 2021-10-13T00:00:00+00:00 [queued]>
[2022-01-18 12:07:51,322] {taskinstance.py:903} INFO - Dependencies all met for <TaskInstance: example_dag_2.dbt_run 2021-10-13T00:00:00+00:00 [queued]>
[2022-01-18 12:07:51,323] {taskinstance.py:1094} INFO - 
--------------------------------------------------------------------------------
[2022-01-18 12:07:51,323] {taskinstance.py:1095} INFO - Starting attempt 1 of 1
[2022-01-18 12:07:51,323] {taskinstance.py:1096} INFO - 
--------------------------------------------------------------------------------
[2022-01-18 12:07:51,340] {taskinstance.py:1114} INFO - Executing <Task(BashOperator): dbt_run> on 2021-10-13T00:00:00+00:00
[2022-01-18 12:07:51,350] {standard_task_runner.py:52} INFO - Started process 1687 to run task
[2022-01-18 12:07:51,363] {standard_task_runner.py:76} INFO - Running: ['***', 'tasks', 'run', 'example_dag_2', 'dbt_run', '2021-10-13T00:00:00+00:00', '--job-id', '1154', '--pool', 'default_pool', '--raw', '--subdir', 'DAGS_FOLDER/dbt_example.py', '--cfg-path', '/tmp/tmp2tk_p_jg', '--error-file', '/tmp/tmp_lfr9t3a']
[2022-01-18 12:07:51,364] {standard_task_runner.py:77} INFO - Job 1154: Subtask dbt_run
[2022-01-18 12:07:51,454] {logging_mixin.py:109} INFO - Running <TaskInstance: example_dag_2.dbt_run 2021-10-13T00:00:00+00:00 [running]> on host c7f08ec3c7e5
[2022-01-18 12:07:51,551] {taskinstance.py:1251} INFO - Exporting the following env vars:
AIRFLOW_CTX_DAG_OWNER=***
AIRFLOW_CTX_DAG_ID=example_dag_2
AIRFLOW_CTX_TASK_ID=dbt_run
AIRFLOW_CTX_EXECUTION_DATE=2021-10-13T00:00:00+00:00
AIRFLOW_CTX_DAG_RUN_ID=scheduled__2021-10-13T00:00:00+00:00
[2022-01-18 12:07:51,552] {subprocess.py:52} INFO - Tmp dir root location: 
 /tmp
[2022-01-18 12:07:51,552] {subprocess.py:63} INFO - Running command: ['bash', '-c', 'pwd']
[2022-01-18 12:07:51,561] {subprocess.py:74} INFO - Output:
[2022-01-18 12:07:51,563] {subprocess.py:78} INFO - /tmp/***tmp4tt4su08
[2022-01-18 12:07:51,563] {subprocess.py:82} INFO - Command exited with return code 0
[2022-01-18 12:07:51,602] {taskinstance.py:1211} INFO - Marking task as SUCCESS. dag_id=example_dag_2, task_id=dbt_run, execution_date=20211013T000000, start_date=20220118T120751, end_date=20220118T120751
[2022-01-18 12:07:51,648] {local_task_job.py:151} INFO - Task exited with return code 0
[2022-01-18 12:07:51,679] {local_task_job.py:261} INFO - 0 downstream tasks scheduled from follow-on schedule check
