[2022-01-18 12:07:49,428] {taskinstance.py:903} INFO - Dependencies all met for <TaskInstance: example_dag_2.dbt_run 2021-10-01T00:00:00+00:00 [queued]>
[2022-01-18 12:07:49,437] {taskinstance.py:903} INFO - Dependencies all met for <TaskInstance: example_dag_2.dbt_run 2021-10-01T00:00:00+00:00 [queued]>
[2022-01-18 12:07:49,437] {taskinstance.py:1094} INFO - 
--------------------------------------------------------------------------------
[2022-01-18 12:07:49,437] {taskinstance.py:1095} INFO - Starting attempt 1 of 1
[2022-01-18 12:07:49,437] {taskinstance.py:1096} INFO - 
--------------------------------------------------------------------------------
[2022-01-18 12:07:49,453] {taskinstance.py:1114} INFO - Executing <Task(BashOperator): dbt_run> on 2021-10-01T00:00:00+00:00
[2022-01-18 12:07:49,461] {standard_task_runner.py:52} INFO - Started process 1652 to run task
[2022-01-18 12:07:49,466] {standard_task_runner.py:76} INFO - Running: ['***', 'tasks', 'run', 'example_dag_2', 'dbt_run', '2021-10-01T00:00:00+00:00', '--job-id', '1142', '--pool', 'default_pool', '--raw', '--subdir', 'DAGS_FOLDER/dbt_example.py', '--cfg-path', '/tmp/tmp3sheczor', '--error-file', '/tmp/tmpereyzzbf']
[2022-01-18 12:07:49,468] {standard_task_runner.py:77} INFO - Job 1142: Subtask dbt_run
[2022-01-18 12:07:49,541] {logging_mixin.py:109} INFO - Running <TaskInstance: example_dag_2.dbt_run 2021-10-01T00:00:00+00:00 [running]> on host c7f08ec3c7e5
[2022-01-18 12:07:49,632] {taskinstance.py:1251} INFO - Exporting the following env vars:
AIRFLOW_CTX_DAG_OWNER=***
AIRFLOW_CTX_DAG_ID=example_dag_2
AIRFLOW_CTX_TASK_ID=dbt_run
AIRFLOW_CTX_EXECUTION_DATE=2021-10-01T00:00:00+00:00
AIRFLOW_CTX_DAG_RUN_ID=scheduled__2021-10-01T00:00:00+00:00
[2022-01-18 12:07:49,633] {subprocess.py:52} INFO - Tmp dir root location: 
 /tmp
[2022-01-18 12:07:49,633] {subprocess.py:63} INFO - Running command: ['bash', '-c', 'pwd']
[2022-01-18 12:07:49,656] {subprocess.py:74} INFO - Output:
[2022-01-18 12:07:49,657] {subprocess.py:78} INFO - /tmp/***tmpx2g3v2qt
[2022-01-18 12:07:49,657] {subprocess.py:82} INFO - Command exited with return code 0
[2022-01-18 12:07:49,742] {taskinstance.py:1211} INFO - Marking task as SUCCESS. dag_id=example_dag_2, task_id=dbt_run, execution_date=20211001T000000, start_date=20220118T120749, end_date=20220118T120749
[2022-01-18 12:07:49,810] {local_task_job.py:151} INFO - Task exited with return code 0
[2022-01-18 12:07:49,849] {local_task_job.py:261} INFO - 0 downstream tasks scheduled from follow-on schedule check
