[2022-01-18 12:06:53,288] {taskinstance.py:903} INFO - Dependencies all met for <TaskInstance: example_dag_2.dbt_run 2020-11-16T00:00:00+00:00 [queued]>
[2022-01-18 12:06:53,298] {taskinstance.py:903} INFO - Dependencies all met for <TaskInstance: example_dag_2.dbt_run 2020-11-16T00:00:00+00:00 [queued]>
[2022-01-18 12:06:53,298] {taskinstance.py:1094} INFO - 
--------------------------------------------------------------------------------
[2022-01-18 12:06:53,298] {taskinstance.py:1095} INFO - Starting attempt 1 of 1
[2022-01-18 12:06:53,298] {taskinstance.py:1096} INFO - 
--------------------------------------------------------------------------------
[2022-01-18 12:06:53,326] {taskinstance.py:1114} INFO - Executing <Task(BashOperator): dbt_run> on 2020-11-16T00:00:00+00:00
[2022-01-18 12:06:53,331] {standard_task_runner.py:52} INFO - Started process 675 to run task
[2022-01-18 12:06:53,352] {standard_task_runner.py:76} INFO - Running: ['***', 'tasks', 'run', 'example_dag_2', 'dbt_run', '2020-11-16T00:00:00+00:00', '--job-id', '823', '--pool', 'default_pool', '--raw', '--subdir', 'DAGS_FOLDER/dbt_example.py', '--cfg-path', '/tmp/tmpuzs3idwp', '--error-file', '/tmp/tmpt7_78600']
[2022-01-18 12:06:53,355] {standard_task_runner.py:77} INFO - Job 823: Subtask dbt_run
[2022-01-18 12:06:53,429] {logging_mixin.py:109} INFO - Running <TaskInstance: example_dag_2.dbt_run 2020-11-16T00:00:00+00:00 [running]> on host c7f08ec3c7e5
[2022-01-18 12:06:53,554] {taskinstance.py:1251} INFO - Exporting the following env vars:
AIRFLOW_CTX_DAG_OWNER=***
AIRFLOW_CTX_DAG_ID=example_dag_2
AIRFLOW_CTX_TASK_ID=dbt_run
AIRFLOW_CTX_EXECUTION_DATE=2020-11-16T00:00:00+00:00
AIRFLOW_CTX_DAG_RUN_ID=scheduled__2020-11-16T00:00:00+00:00
[2022-01-18 12:06:53,555] {subprocess.py:52} INFO - Tmp dir root location: 
 /tmp
[2022-01-18 12:06:53,556] {subprocess.py:63} INFO - Running command: ['bash', '-c', 'pwd']
[2022-01-18 12:06:53,575] {subprocess.py:74} INFO - Output:
[2022-01-18 12:06:53,578] {subprocess.py:78} INFO - /tmp/***tmp3yk5gkpe
[2022-01-18 12:06:53,580] {subprocess.py:82} INFO - Command exited with return code 0
[2022-01-18 12:06:53,626] {taskinstance.py:1211} INFO - Marking task as SUCCESS. dag_id=example_dag_2, task_id=dbt_run, execution_date=20201116T000000, start_date=20220118T120653, end_date=20220118T120653
[2022-01-18 12:06:53,686] {local_task_job.py:151} INFO - Task exited with return code 0
[2022-01-18 12:06:53,740] {local_task_job.py:261} INFO - 0 downstream tasks scheduled from follow-on schedule check
