[2022-01-18 12:07:43,194] {taskinstance.py:903} INFO - Dependencies all met for <TaskInstance: example_dag_2.dbt_run 2021-08-24T00:00:00+00:00 [queued]>
[2022-01-18 12:07:43,208] {taskinstance.py:903} INFO - Dependencies all met for <TaskInstance: example_dag_2.dbt_run 2021-08-24T00:00:00+00:00 [queued]>
[2022-01-18 12:07:43,209] {taskinstance.py:1094} INFO - 
--------------------------------------------------------------------------------
[2022-01-18 12:07:43,209] {taskinstance.py:1095} INFO - Starting attempt 1 of 1
[2022-01-18 12:07:43,209] {taskinstance.py:1096} INFO - 
--------------------------------------------------------------------------------
[2022-01-18 12:07:43,235] {taskinstance.py:1114} INFO - Executing <Task(BashOperator): dbt_run> on 2021-08-24T00:00:00+00:00
[2022-01-18 12:07:43,239] {standard_task_runner.py:52} INFO - Started process 1538 to run task
[2022-01-18 12:07:43,259] {standard_task_runner.py:76} INFO - Running: ['***', 'tasks', 'run', 'example_dag_2', 'dbt_run', '2021-08-24T00:00:00+00:00', '--job-id', '1104', '--pool', 'default_pool', '--raw', '--subdir', 'DAGS_FOLDER/dbt_example.py', '--cfg-path', '/tmp/tmp61rnzvfs', '--error-file', '/tmp/tmp3e23cab_']
[2022-01-18 12:07:43,260] {standard_task_runner.py:77} INFO - Job 1104: Subtask dbt_run
[2022-01-18 12:07:43,339] {logging_mixin.py:109} INFO - Running <TaskInstance: example_dag_2.dbt_run 2021-08-24T00:00:00+00:00 [running]> on host c7f08ec3c7e5
[2022-01-18 12:07:43,444] {taskinstance.py:1251} INFO - Exporting the following env vars:
AIRFLOW_CTX_DAG_OWNER=***
AIRFLOW_CTX_DAG_ID=example_dag_2
AIRFLOW_CTX_TASK_ID=dbt_run
AIRFLOW_CTX_EXECUTION_DATE=2021-08-24T00:00:00+00:00
AIRFLOW_CTX_DAG_RUN_ID=scheduled__2021-08-24T00:00:00+00:00
[2022-01-18 12:07:43,445] {subprocess.py:52} INFO - Tmp dir root location: 
 /tmp
[2022-01-18 12:07:43,445] {subprocess.py:63} INFO - Running command: ['bash', '-c', 'pwd']
[2022-01-18 12:07:43,475] {subprocess.py:74} INFO - Output:
[2022-01-18 12:07:43,475] {subprocess.py:78} INFO - /tmp/***tmpkex0zs3_
[2022-01-18 12:07:43,476] {subprocess.py:82} INFO - Command exited with return code 0
[2022-01-18 12:07:43,530] {taskinstance.py:1211} INFO - Marking task as SUCCESS. dag_id=example_dag_2, task_id=dbt_run, execution_date=20210824T000000, start_date=20220118T120743, end_date=20220118T120743
[2022-01-18 12:07:43,567] {local_task_job.py:151} INFO - Task exited with return code 0
[2022-01-18 12:07:43,602] {local_task_job.py:261} INFO - 0 downstream tasks scheduled from follow-on schedule check
