[2022-01-18 12:07:17,137] {taskinstance.py:903} INFO - Dependencies all met for <TaskInstance: example_dag_2.dbt_run 2021-03-25T00:00:00+00:00 [queued]>
[2022-01-18 12:07:17,149] {taskinstance.py:903} INFO - Dependencies all met for <TaskInstance: example_dag_2.dbt_run 2021-03-25T00:00:00+00:00 [queued]>
[2022-01-18 12:07:17,149] {taskinstance.py:1094} INFO - 
--------------------------------------------------------------------------------
[2022-01-18 12:07:17,149] {taskinstance.py:1095} INFO - Starting attempt 1 of 1
[2022-01-18 12:07:17,149] {taskinstance.py:1096} INFO - 
--------------------------------------------------------------------------------
[2022-01-18 12:07:17,180] {taskinstance.py:1114} INFO - Executing <Task(BashOperator): dbt_run> on 2021-03-25T00:00:00+00:00
[2022-01-18 12:07:17,184] {standard_task_runner.py:52} INFO - Started process 1071 to run task
[2022-01-18 12:07:17,195] {standard_task_runner.py:76} INFO - Running: ['***', 'tasks', 'run', 'example_dag_2', 'dbt_run', '2021-03-25T00:00:00+00:00', '--job-id', '952', '--pool', 'default_pool', '--raw', '--subdir', 'DAGS_FOLDER/dbt_example.py', '--cfg-path', '/tmp/tmpc3vhuf73', '--error-file', '/tmp/tmpxeq6skas']
[2022-01-18 12:07:17,196] {standard_task_runner.py:77} INFO - Job 952: Subtask dbt_run
[2022-01-18 12:07:17,275] {logging_mixin.py:109} INFO - Running <TaskInstance: example_dag_2.dbt_run 2021-03-25T00:00:00+00:00 [running]> on host c7f08ec3c7e5
[2022-01-18 12:07:17,376] {taskinstance.py:1251} INFO - Exporting the following env vars:
AIRFLOW_CTX_DAG_OWNER=***
AIRFLOW_CTX_DAG_ID=example_dag_2
AIRFLOW_CTX_TASK_ID=dbt_run
AIRFLOW_CTX_EXECUTION_DATE=2021-03-25T00:00:00+00:00
AIRFLOW_CTX_DAG_RUN_ID=scheduled__2021-03-25T00:00:00+00:00
[2022-01-18 12:07:17,377] {subprocess.py:52} INFO - Tmp dir root location: 
 /tmp
[2022-01-18 12:07:17,379] {subprocess.py:63} INFO - Running command: ['bash', '-c', 'pwd']
[2022-01-18 12:07:17,394] {subprocess.py:74} INFO - Output:
[2022-01-18 12:07:17,403] {subprocess.py:78} INFO - /tmp/***tmp1apkfj1l
[2022-01-18 12:07:17,403] {subprocess.py:82} INFO - Command exited with return code 0
[2022-01-18 12:07:17,447] {taskinstance.py:1211} INFO - Marking task as SUCCESS. dag_id=example_dag_2, task_id=dbt_run, execution_date=20210325T000000, start_date=20220118T120717, end_date=20220118T120717
[2022-01-18 12:07:17,494] {local_task_job.py:151} INFO - Task exited with return code 0
[2022-01-18 12:07:17,563] {local_task_job.py:261} INFO - 0 downstream tasks scheduled from follow-on schedule check
