[2022-01-18 12:07:12,347] {taskinstance.py:903} INFO - Dependencies all met for <TaskInstance: example_dag_2.dbt_run 2021-03-01T00:00:00+00:00 [queued]>
[2022-01-18 12:07:12,364] {taskinstance.py:903} INFO - Dependencies all met for <TaskInstance: example_dag_2.dbt_run 2021-03-01T00:00:00+00:00 [queued]>
[2022-01-18 12:07:12,365] {taskinstance.py:1094} INFO - 
--------------------------------------------------------------------------------
[2022-01-18 12:07:12,365] {taskinstance.py:1095} INFO - Starting attempt 1 of 1
[2022-01-18 12:07:12,366] {taskinstance.py:1096} INFO - 
--------------------------------------------------------------------------------
[2022-01-18 12:07:12,411] {taskinstance.py:1114} INFO - Executing <Task(BashOperator): dbt_run> on 2021-03-01T00:00:00+00:00
[2022-01-18 12:07:12,419] {standard_task_runner.py:52} INFO - Started process 1001 to run task
[2022-01-18 12:07:12,425] {standard_task_runner.py:76} INFO - Running: ['***', 'tasks', 'run', 'example_dag_2', 'dbt_run', '2021-03-01T00:00:00+00:00', '--job-id', '928', '--pool', 'default_pool', '--raw', '--subdir', 'DAGS_FOLDER/dbt_example.py', '--cfg-path', '/tmp/tmp520_ofmn', '--error-file', '/tmp/tmpx933d1dj']
[2022-01-18 12:07:12,426] {standard_task_runner.py:77} INFO - Job 928: Subtask dbt_run
[2022-01-18 12:07:12,509] {logging_mixin.py:109} INFO - Running <TaskInstance: example_dag_2.dbt_run 2021-03-01T00:00:00+00:00 [running]> on host c7f08ec3c7e5
[2022-01-18 12:07:12,601] {taskinstance.py:1251} INFO - Exporting the following env vars:
AIRFLOW_CTX_DAG_OWNER=***
AIRFLOW_CTX_DAG_ID=example_dag_2
AIRFLOW_CTX_TASK_ID=dbt_run
AIRFLOW_CTX_EXECUTION_DATE=2021-03-01T00:00:00+00:00
AIRFLOW_CTX_DAG_RUN_ID=scheduled__2021-03-01T00:00:00+00:00
[2022-01-18 12:07:12,602] {subprocess.py:52} INFO - Tmp dir root location: 
 /tmp
[2022-01-18 12:07:12,603] {subprocess.py:63} INFO - Running command: ['bash', '-c', 'pwd']
[2022-01-18 12:07:12,626] {subprocess.py:74} INFO - Output:
[2022-01-18 12:07:12,631] {subprocess.py:78} INFO - /tmp/***tmp61ts5f2a
[2022-01-18 12:07:12,639] {subprocess.py:82} INFO - Command exited with return code 0
[2022-01-18 12:07:12,690] {taskinstance.py:1211} INFO - Marking task as SUCCESS. dag_id=example_dag_2, task_id=dbt_run, execution_date=20210301T000000, start_date=20220118T120712, end_date=20220118T120712
[2022-01-18 12:07:12,725] {local_task_job.py:151} INFO - Task exited with return code 0
[2022-01-18 12:07:12,757] {local_task_job.py:261} INFO - 0 downstream tasks scheduled from follow-on schedule check
