[2022-01-18 12:07:52,449] {taskinstance.py:903} INFO - Dependencies all met for <TaskInstance: example_dag_2.dbt_run 2021-10-20T00:00:00+00:00 [queued]>
[2022-01-18 12:07:52,457] {taskinstance.py:903} INFO - Dependencies all met for <TaskInstance: example_dag_2.dbt_run 2021-10-20T00:00:00+00:00 [queued]>
[2022-01-18 12:07:52,458] {taskinstance.py:1094} INFO - 
--------------------------------------------------------------------------------
[2022-01-18 12:07:52,458] {taskinstance.py:1095} INFO - Starting attempt 1 of 1
[2022-01-18 12:07:52,458] {taskinstance.py:1096} INFO - 
--------------------------------------------------------------------------------
[2022-01-18 12:07:52,474] {taskinstance.py:1114} INFO - Executing <Task(BashOperator): dbt_run> on 2021-10-20T00:00:00+00:00
[2022-01-18 12:07:52,480] {standard_task_runner.py:52} INFO - Started process 1708 to run task
[2022-01-18 12:07:52,487] {standard_task_runner.py:76} INFO - Running: ['***', 'tasks', 'run', 'example_dag_2', 'dbt_run', '2021-10-20T00:00:00+00:00', '--job-id', '1161', '--pool', 'default_pool', '--raw', '--subdir', 'DAGS_FOLDER/dbt_example.py', '--cfg-path', '/tmp/tmpob0d_zuk', '--error-file', '/tmp/tmpkeoz6b06']
[2022-01-18 12:07:52,496] {standard_task_runner.py:77} INFO - Job 1161: Subtask dbt_run
[2022-01-18 12:07:52,571] {logging_mixin.py:109} INFO - Running <TaskInstance: example_dag_2.dbt_run 2021-10-20T00:00:00+00:00 [running]> on host c7f08ec3c7e5
[2022-01-18 12:07:52,656] {taskinstance.py:1251} INFO - Exporting the following env vars:
AIRFLOW_CTX_DAG_OWNER=***
AIRFLOW_CTX_DAG_ID=example_dag_2
AIRFLOW_CTX_TASK_ID=dbt_run
AIRFLOW_CTX_EXECUTION_DATE=2021-10-20T00:00:00+00:00
AIRFLOW_CTX_DAG_RUN_ID=scheduled__2021-10-20T00:00:00+00:00
[2022-01-18 12:07:52,656] {subprocess.py:52} INFO - Tmp dir root location: 
 /tmp
[2022-01-18 12:07:52,657] {subprocess.py:63} INFO - Running command: ['bash', '-c', 'pwd']
[2022-01-18 12:07:52,670] {subprocess.py:74} INFO - Output:
[2022-01-18 12:07:52,672] {subprocess.py:78} INFO - /tmp/***tmp9ztkuez9
[2022-01-18 12:07:52,673] {subprocess.py:82} INFO - Command exited with return code 0
[2022-01-18 12:07:52,742] {taskinstance.py:1211} INFO - Marking task as SUCCESS. dag_id=example_dag_2, task_id=dbt_run, execution_date=20211020T000000, start_date=20220118T120752, end_date=20220118T120752
[2022-01-18 12:07:52,793] {local_task_job.py:151} INFO - Task exited with return code 0
[2022-01-18 12:07:52,842] {local_task_job.py:261} INFO - 0 downstream tasks scheduled from follow-on schedule check
