[2022-01-18 12:07:23,123] {taskinstance.py:903} INFO - Dependencies all met for <TaskInstance: example_dag_2.dbt_run 2021-04-28T00:00:00+00:00 [queued]>
[2022-01-18 12:07:23,134] {taskinstance.py:903} INFO - Dependencies all met for <TaskInstance: example_dag_2.dbt_run 2021-04-28T00:00:00+00:00 [queued]>
[2022-01-18 12:07:23,135] {taskinstance.py:1094} INFO - 
--------------------------------------------------------------------------------
[2022-01-18 12:07:23,135] {taskinstance.py:1095} INFO - Starting attempt 1 of 1
[2022-01-18 12:07:23,135] {taskinstance.py:1096} INFO - 
--------------------------------------------------------------------------------
[2022-01-18 12:07:23,153] {taskinstance.py:1114} INFO - Executing <Task(BashOperator): dbt_run> on 2021-04-28T00:00:00+00:00
[2022-01-18 12:07:23,156] {standard_task_runner.py:52} INFO - Started process 1174 to run task
[2022-01-18 12:07:23,175] {standard_task_runner.py:76} INFO - Running: ['***', 'tasks', 'run', 'example_dag_2', 'dbt_run', '2021-04-28T00:00:00+00:00', '--job-id', '986', '--pool', 'default_pool', '--raw', '--subdir', 'DAGS_FOLDER/dbt_example.py', '--cfg-path', '/tmp/tmphdle7wdt', '--error-file', '/tmp/tmpk9v744zi']
[2022-01-18 12:07:23,177] {standard_task_runner.py:77} INFO - Job 986: Subtask dbt_run
[2022-01-18 12:07:23,252] {logging_mixin.py:109} INFO - Running <TaskInstance: example_dag_2.dbt_run 2021-04-28T00:00:00+00:00 [running]> on host c7f08ec3c7e5
[2022-01-18 12:07:23,345] {taskinstance.py:1251} INFO - Exporting the following env vars:
AIRFLOW_CTX_DAG_OWNER=***
AIRFLOW_CTX_DAG_ID=example_dag_2
AIRFLOW_CTX_TASK_ID=dbt_run
AIRFLOW_CTX_EXECUTION_DATE=2021-04-28T00:00:00+00:00
AIRFLOW_CTX_DAG_RUN_ID=scheduled__2021-04-28T00:00:00+00:00
[2022-01-18 12:07:23,346] {subprocess.py:52} INFO - Tmp dir root location: 
 /tmp
[2022-01-18 12:07:23,346] {subprocess.py:63} INFO - Running command: ['bash', '-c', 'pwd']
[2022-01-18 12:07:23,373] {subprocess.py:74} INFO - Output:
[2022-01-18 12:07:23,373] {subprocess.py:78} INFO - /tmp/***tmpb42at6dy
[2022-01-18 12:07:23,373] {subprocess.py:82} INFO - Command exited with return code 0
[2022-01-18 12:07:23,419] {taskinstance.py:1211} INFO - Marking task as SUCCESS. dag_id=example_dag_2, task_id=dbt_run, execution_date=20210428T000000, start_date=20220118T120723, end_date=20220118T120723
[2022-01-18 12:07:23,464] {local_task_job.py:151} INFO - Task exited with return code 0
[2022-01-18 12:07:23,493] {local_task_job.py:261} INFO - 0 downstream tasks scheduled from follow-on schedule check
