[2022-01-18 12:06:21,219] {taskinstance.py:903} INFO - Dependencies all met for <TaskInstance: example_dag_2.dbt_run 2020-07-28T00:00:00+00:00 [queued]>
[2022-01-18 12:06:21,277] {taskinstance.py:903} INFO - Dependencies all met for <TaskInstance: example_dag_2.dbt_run 2020-07-28T00:00:00+00:00 [queued]>
[2022-01-18 12:06:21,278] {taskinstance.py:1094} INFO - 
--------------------------------------------------------------------------------
[2022-01-18 12:06:21,278] {taskinstance.py:1095} INFO - Starting attempt 1 of 1
[2022-01-18 12:06:21,279] {taskinstance.py:1096} INFO - 
--------------------------------------------------------------------------------
[2022-01-18 12:06:21,326] {taskinstance.py:1114} INFO - Executing <Task(BashOperator): dbt_run> on 2020-07-28T00:00:00+00:00
[2022-01-18 12:06:21,340] {standard_task_runner.py:52} INFO - Started process 332 to run task
[2022-01-18 12:06:21,355] {standard_task_runner.py:76} INFO - Running: ['***', 'tasks', 'run', 'example_dag_2', 'dbt_run', '2020-07-28T00:00:00+00:00', '--job-id', '712', '--pool', 'default_pool', '--raw', '--subdir', 'DAGS_FOLDER/dbt_example.py', '--cfg-path', '/tmp/tmpgc2xapqq', '--error-file', '/tmp/tmpm7eny3s7']
[2022-01-18 12:06:21,356] {standard_task_runner.py:77} INFO - Job 712: Subtask dbt_run
[2022-01-18 12:06:21,526] {logging_mixin.py:109} INFO - Running <TaskInstance: example_dag_2.dbt_run 2020-07-28T00:00:00+00:00 [running]> on host c7f08ec3c7e5
[2022-01-18 12:06:21,844] {taskinstance.py:1251} INFO - Exporting the following env vars:
AIRFLOW_CTX_DAG_OWNER=***
AIRFLOW_CTX_DAG_ID=example_dag_2
AIRFLOW_CTX_TASK_ID=dbt_run
AIRFLOW_CTX_EXECUTION_DATE=2020-07-28T00:00:00+00:00
AIRFLOW_CTX_DAG_RUN_ID=scheduled__2020-07-28T00:00:00+00:00
[2022-01-18 12:06:21,845] {subprocess.py:52} INFO - Tmp dir root location: 
 /tmp
[2022-01-18 12:06:21,845] {subprocess.py:63} INFO - Running command: ['bash', '-c', 'pwd']
[2022-01-18 12:06:21,870] {subprocess.py:74} INFO - Output:
[2022-01-18 12:06:21,872] {subprocess.py:78} INFO - /tmp/***tmp3l1d230g
[2022-01-18 12:06:21,872] {subprocess.py:82} INFO - Command exited with return code 0
[2022-01-18 12:06:21,952] {taskinstance.py:1211} INFO - Marking task as SUCCESS. dag_id=example_dag_2, task_id=dbt_run, execution_date=20200728T000000, start_date=20220118T120621, end_date=20220118T120621
[2022-01-18 12:06:22,067] {local_task_job.py:151} INFO - Task exited with return code 0
[2022-01-18 12:06:22,147] {local_task_job.py:261} INFO - 0 downstream tasks scheduled from follow-on schedule check
