[2022-01-18 12:07:27,584] {taskinstance.py:903} INFO - Dependencies all met for <TaskInstance: example_dag_2.dbt_run 2021-05-25T00:00:00+00:00 [queued]>
[2022-01-18 12:07:27,595] {taskinstance.py:903} INFO - Dependencies all met for <TaskInstance: example_dag_2.dbt_run 2021-05-25T00:00:00+00:00 [queued]>
[2022-01-18 12:07:27,596] {taskinstance.py:1094} INFO - 
--------------------------------------------------------------------------------
[2022-01-18 12:07:27,596] {taskinstance.py:1095} INFO - Starting attempt 1 of 1
[2022-01-18 12:07:27,596] {taskinstance.py:1096} INFO - 
--------------------------------------------------------------------------------
[2022-01-18 12:07:27,616] {taskinstance.py:1114} INFO - Executing <Task(BashOperator): dbt_run> on 2021-05-25T00:00:00+00:00
[2022-01-18 12:07:27,619] {standard_task_runner.py:52} INFO - Started process 1264 to run task
[2022-01-18 12:07:27,625] {standard_task_runner.py:76} INFO - Running: ['***', 'tasks', 'run', 'example_dag_2', 'dbt_run', '2021-05-25T00:00:00+00:00', '--job-id', '1013', '--pool', 'default_pool', '--raw', '--subdir', 'DAGS_FOLDER/dbt_example.py', '--cfg-path', '/tmp/tmpobu_41vs', '--error-file', '/tmp/tmpgz6ku_o9']
[2022-01-18 12:07:27,627] {standard_task_runner.py:77} INFO - Job 1013: Subtask dbt_run
[2022-01-18 12:07:27,692] {logging_mixin.py:109} INFO - Running <TaskInstance: example_dag_2.dbt_run 2021-05-25T00:00:00+00:00 [running]> on host c7f08ec3c7e5
[2022-01-18 12:07:27,824] {taskinstance.py:1251} INFO - Exporting the following env vars:
AIRFLOW_CTX_DAG_OWNER=***
AIRFLOW_CTX_DAG_ID=example_dag_2
AIRFLOW_CTX_TASK_ID=dbt_run
AIRFLOW_CTX_EXECUTION_DATE=2021-05-25T00:00:00+00:00
AIRFLOW_CTX_DAG_RUN_ID=scheduled__2021-05-25T00:00:00+00:00
[2022-01-18 12:07:27,825] {subprocess.py:52} INFO - Tmp dir root location: 
 /tmp
[2022-01-18 12:07:27,826] {subprocess.py:63} INFO - Running command: ['bash', '-c', 'pwd']
[2022-01-18 12:07:27,842] {subprocess.py:74} INFO - Output:
[2022-01-18 12:07:27,843] {subprocess.py:78} INFO - /tmp/***tmpg31xuuu5
[2022-01-18 12:07:27,843] {subprocess.py:82} INFO - Command exited with return code 0
[2022-01-18 12:07:27,931] {taskinstance.py:1211} INFO - Marking task as SUCCESS. dag_id=example_dag_2, task_id=dbt_run, execution_date=20210525T000000, start_date=20220118T120727, end_date=20220118T120727
[2022-01-18 12:07:27,957] {local_task_job.py:151} INFO - Task exited with return code 0
[2022-01-18 12:07:27,988] {local_task_job.py:261} INFO - 0 downstream tasks scheduled from follow-on schedule check
