[2022-01-18 12:06:34,569] {taskinstance.py:903} INFO - Dependencies all met for <TaskInstance: example_dag_2.dbt_run 2020-08-25T00:00:00+00:00 [queued]>
[2022-01-18 12:06:34,603] {taskinstance.py:903} INFO - Dependencies all met for <TaskInstance: example_dag_2.dbt_run 2020-08-25T00:00:00+00:00 [queued]>
[2022-01-18 12:06:34,603] {taskinstance.py:1094} INFO - 
--------------------------------------------------------------------------------
[2022-01-18 12:06:34,603] {taskinstance.py:1095} INFO - Starting attempt 1 of 1
[2022-01-18 12:06:34,603] {taskinstance.py:1096} INFO - 
--------------------------------------------------------------------------------
[2022-01-18 12:06:34,645] {taskinstance.py:1114} INFO - Executing <Task(BashOperator): dbt_run> on 2020-08-25T00:00:00+00:00
[2022-01-18 12:06:34,656] {standard_task_runner.py:52} INFO - Started process 427 to run task
[2022-01-18 12:06:34,685] {standard_task_runner.py:76} INFO - Running: ['***', 'tasks', 'run', 'example_dag_2', 'dbt_run', '2020-08-25T00:00:00+00:00', '--job-id', '740', '--pool', 'default_pool', '--raw', '--subdir', 'DAGS_FOLDER/dbt_example.py', '--cfg-path', '/tmp/tmpfrdc76en', '--error-file', '/tmp/tmpwmrdx_ii']
[2022-01-18 12:06:34,698] {standard_task_runner.py:77} INFO - Job 740: Subtask dbt_run
[2022-01-18 12:06:34,839] {logging_mixin.py:109} INFO - Running <TaskInstance: example_dag_2.dbt_run 2020-08-25T00:00:00+00:00 [running]> on host c7f08ec3c7e5
[2022-01-18 12:06:35,050] {taskinstance.py:1251} INFO - Exporting the following env vars:
AIRFLOW_CTX_DAG_OWNER=***
AIRFLOW_CTX_DAG_ID=example_dag_2
AIRFLOW_CTX_TASK_ID=dbt_run
AIRFLOW_CTX_EXECUTION_DATE=2020-08-25T00:00:00+00:00
AIRFLOW_CTX_DAG_RUN_ID=scheduled__2020-08-25T00:00:00+00:00
[2022-01-18 12:06:35,051] {subprocess.py:52} INFO - Tmp dir root location: 
 /tmp
[2022-01-18 12:06:35,052] {subprocess.py:63} INFO - Running command: ['bash', '-c', 'pwd']
[2022-01-18 12:06:35,079] {subprocess.py:74} INFO - Output:
[2022-01-18 12:06:35,089] {subprocess.py:78} INFO - /tmp/***tmpqkkjqg2g
[2022-01-18 12:06:35,093] {subprocess.py:82} INFO - Command exited with return code 0
[2022-01-18 12:06:35,157] {taskinstance.py:1211} INFO - Marking task as SUCCESS. dag_id=example_dag_2, task_id=dbt_run, execution_date=20200825T000000, start_date=20220118T120634, end_date=20220118T120635
[2022-01-18 12:06:35,234] {local_task_job.py:151} INFO - Task exited with return code 0
[2022-01-18 12:06:35,307] {local_task_job.py:261} INFO - 0 downstream tasks scheduled from follow-on schedule check
