[2022-01-18 12:06:26,812] {taskinstance.py:903} INFO - Dependencies all met for <TaskInstance: example_dag_2.dbt_run 2020-08-08T00:00:00+00:00 [queued]>
[2022-01-18 12:06:26,820] {taskinstance.py:903} INFO - Dependencies all met for <TaskInstance: example_dag_2.dbt_run 2020-08-08T00:00:00+00:00 [queued]>
[2022-01-18 12:06:26,820] {taskinstance.py:1094} INFO - 
--------------------------------------------------------------------------------
[2022-01-18 12:06:26,821] {taskinstance.py:1095} INFO - Starting attempt 1 of 1
[2022-01-18 12:06:26,821] {taskinstance.py:1096} INFO - 
--------------------------------------------------------------------------------
[2022-01-18 12:06:26,888] {taskinstance.py:1114} INFO - Executing <Task(BashOperator): dbt_run> on 2020-08-08T00:00:00+00:00
[2022-01-18 12:06:26,900] {standard_task_runner.py:52} INFO - Started process 375 to run task
[2022-01-18 12:06:26,939] {standard_task_runner.py:76} INFO - Running: ['***', 'tasks', 'run', 'example_dag_2', 'dbt_run', '2020-08-08T00:00:00+00:00', '--job-id', '723', '--pool', 'default_pool', '--raw', '--subdir', 'DAGS_FOLDER/dbt_example.py', '--cfg-path', '/tmp/tmp3ywz6eny', '--error-file', '/tmp/tmp0mslh1q8']
[2022-01-18 12:06:26,940] {standard_task_runner.py:77} INFO - Job 723: Subtask dbt_run
[2022-01-18 12:06:27,173] {logging_mixin.py:109} INFO - Running <TaskInstance: example_dag_2.dbt_run 2020-08-08T00:00:00+00:00 [running]> on host c7f08ec3c7e5
[2022-01-18 12:06:27,476] {taskinstance.py:1251} INFO - Exporting the following env vars:
AIRFLOW_CTX_DAG_OWNER=***
AIRFLOW_CTX_DAG_ID=example_dag_2
AIRFLOW_CTX_TASK_ID=dbt_run
AIRFLOW_CTX_EXECUTION_DATE=2020-08-08T00:00:00+00:00
AIRFLOW_CTX_DAG_RUN_ID=scheduled__2020-08-08T00:00:00+00:00
[2022-01-18 12:06:27,477] {subprocess.py:52} INFO - Tmp dir root location: 
 /tmp
[2022-01-18 12:06:27,478] {subprocess.py:63} INFO - Running command: ['bash', '-c', 'pwd']
[2022-01-18 12:06:27,522] {subprocess.py:74} INFO - Output:
[2022-01-18 12:06:27,548] {subprocess.py:78} INFO - /tmp/***tmp6kshq7vk
[2022-01-18 12:06:27,549] {subprocess.py:82} INFO - Command exited with return code 0
[2022-01-18 12:06:27,708] {taskinstance.py:1211} INFO - Marking task as SUCCESS. dag_id=example_dag_2, task_id=dbt_run, execution_date=20200808T000000, start_date=20220118T120626, end_date=20220118T120627
[2022-01-18 12:06:27,806] {local_task_job.py:151} INFO - Task exited with return code 0
[2022-01-18 12:06:27,930] {local_task_job.py:261} INFO - 0 downstream tasks scheduled from follow-on schedule check
