[2022-01-18 12:07:13,605] {taskinstance.py:903} INFO - Dependencies all met for <TaskInstance: example_dag_2.dbt_run 2021-03-09T00:00:00+00:00 [queued]>
[2022-01-18 12:07:13,613] {taskinstance.py:903} INFO - Dependencies all met for <TaskInstance: example_dag_2.dbt_run 2021-03-09T00:00:00+00:00 [queued]>
[2022-01-18 12:07:13,613] {taskinstance.py:1094} INFO - 
--------------------------------------------------------------------------------
[2022-01-18 12:07:13,613] {taskinstance.py:1095} INFO - Starting attempt 1 of 1
[2022-01-18 12:07:13,613] {taskinstance.py:1096} INFO - 
--------------------------------------------------------------------------------
[2022-01-18 12:07:13,638] {taskinstance.py:1114} INFO - Executing <Task(BashOperator): dbt_run> on 2021-03-09T00:00:00+00:00
[2022-01-18 12:07:13,643] {standard_task_runner.py:52} INFO - Started process 1024 to run task
[2022-01-18 12:07:13,660] {standard_task_runner.py:76} INFO - Running: ['***', 'tasks', 'run', 'example_dag_2', 'dbt_run', '2021-03-09T00:00:00+00:00', '--job-id', '936', '--pool', 'default_pool', '--raw', '--subdir', 'DAGS_FOLDER/dbt_example.py', '--cfg-path', '/tmp/tmpwbnj09at', '--error-file', '/tmp/tmpe5e98a4p']
[2022-01-18 12:07:13,661] {standard_task_runner.py:77} INFO - Job 936: Subtask dbt_run
[2022-01-18 12:07:13,780] {logging_mixin.py:109} INFO - Running <TaskInstance: example_dag_2.dbt_run 2021-03-09T00:00:00+00:00 [running]> on host c7f08ec3c7e5
[2022-01-18 12:07:13,883] {taskinstance.py:1251} INFO - Exporting the following env vars:
AIRFLOW_CTX_DAG_OWNER=***
AIRFLOW_CTX_DAG_ID=example_dag_2
AIRFLOW_CTX_TASK_ID=dbt_run
AIRFLOW_CTX_EXECUTION_DATE=2021-03-09T00:00:00+00:00
AIRFLOW_CTX_DAG_RUN_ID=scheduled__2021-03-09T00:00:00+00:00
[2022-01-18 12:07:13,884] {subprocess.py:52} INFO - Tmp dir root location: 
 /tmp
[2022-01-18 12:07:13,884] {subprocess.py:63} INFO - Running command: ['bash', '-c', 'pwd']
[2022-01-18 12:07:13,904] {subprocess.py:74} INFO - Output:
[2022-01-18 12:07:13,904] {subprocess.py:78} INFO - /tmp/***tmpiy08ic6w
[2022-01-18 12:07:13,905] {subprocess.py:82} INFO - Command exited with return code 0
[2022-01-18 12:07:13,956] {taskinstance.py:1211} INFO - Marking task as SUCCESS. dag_id=example_dag_2, task_id=dbt_run, execution_date=20210309T000000, start_date=20220118T120713, end_date=20220118T120713
[2022-01-18 12:07:14,005] {local_task_job.py:151} INFO - Task exited with return code 0
[2022-01-18 12:07:14,041] {local_task_job.py:261} INFO - 0 downstream tasks scheduled from follow-on schedule check
