[2022-01-18 12:07:10,324] {taskinstance.py:903} INFO - Dependencies all met for <TaskInstance: example_dag_2.dbt_run 2021-02-19T00:00:00+00:00 [queued]>
[2022-01-18 12:07:10,334] {taskinstance.py:903} INFO - Dependencies all met for <TaskInstance: example_dag_2.dbt_run 2021-02-19T00:00:00+00:00 [queued]>
[2022-01-18 12:07:10,334] {taskinstance.py:1094} INFO - 
--------------------------------------------------------------------------------
[2022-01-18 12:07:10,334] {taskinstance.py:1095} INFO - Starting attempt 1 of 1
[2022-01-18 12:07:10,334] {taskinstance.py:1096} INFO - 
--------------------------------------------------------------------------------
[2022-01-18 12:07:10,359] {taskinstance.py:1114} INFO - Executing <Task(BashOperator): dbt_run> on 2021-02-19T00:00:00+00:00
[2022-01-18 12:07:10,370] {standard_task_runner.py:52} INFO - Started process 969 to run task
[2022-01-18 12:07:10,369] {standard_task_runner.py:76} INFO - Running: ['***', 'tasks', 'run', 'example_dag_2', 'dbt_run', '2021-02-19T00:00:00+00:00', '--job-id', '918', '--pool', 'default_pool', '--raw', '--subdir', 'DAGS_FOLDER/dbt_example.py', '--cfg-path', '/tmp/tmp2zy8xuqz', '--error-file', '/tmp/tmpb9zw1lvu']
[2022-01-18 12:07:10,371] {standard_task_runner.py:77} INFO - Job 918: Subtask dbt_run
[2022-01-18 12:07:10,438] {logging_mixin.py:109} INFO - Running <TaskInstance: example_dag_2.dbt_run 2021-02-19T00:00:00+00:00 [running]> on host c7f08ec3c7e5
[2022-01-18 12:07:10,558] {taskinstance.py:1251} INFO - Exporting the following env vars:
AIRFLOW_CTX_DAG_OWNER=***
AIRFLOW_CTX_DAG_ID=example_dag_2
AIRFLOW_CTX_TASK_ID=dbt_run
AIRFLOW_CTX_EXECUTION_DATE=2021-02-19T00:00:00+00:00
AIRFLOW_CTX_DAG_RUN_ID=scheduled__2021-02-19T00:00:00+00:00
[2022-01-18 12:07:10,559] {subprocess.py:52} INFO - Tmp dir root location: 
 /tmp
[2022-01-18 12:07:10,560] {subprocess.py:63} INFO - Running command: ['bash', '-c', 'pwd']
[2022-01-18 12:07:10,592] {subprocess.py:74} INFO - Output:
[2022-01-18 12:07:10,598] {subprocess.py:78} INFO - /tmp/***tmp2czwypu3
[2022-01-18 12:07:10,599] {subprocess.py:82} INFO - Command exited with return code 0
[2022-01-18 12:07:10,648] {taskinstance.py:1211} INFO - Marking task as SUCCESS. dag_id=example_dag_2, task_id=dbt_run, execution_date=20210219T000000, start_date=20220118T120710, end_date=20220118T120710
[2022-01-18 12:07:10,711] {local_task_job.py:151} INFO - Task exited with return code 0
[2022-01-18 12:07:10,747] {local_task_job.py:261} INFO - 0 downstream tasks scheduled from follow-on schedule check
