[2022-01-18 12:07:19,660] {taskinstance.py:903} INFO - Dependencies all met for <TaskInstance: example_dag_2.dbt_run 2021-04-08T00:00:00+00:00 [queued]>
[2022-01-18 12:07:19,668] {taskinstance.py:903} INFO - Dependencies all met for <TaskInstance: example_dag_2.dbt_run 2021-04-08T00:00:00+00:00 [queued]>
[2022-01-18 12:07:19,668] {taskinstance.py:1094} INFO - 
--------------------------------------------------------------------------------
[2022-01-18 12:07:19,668] {taskinstance.py:1095} INFO - Starting attempt 1 of 1
[2022-01-18 12:07:19,668] {taskinstance.py:1096} INFO - 
--------------------------------------------------------------------------------
[2022-01-18 12:07:19,685] {taskinstance.py:1114} INFO - Executing <Task(BashOperator): dbt_run> on 2021-04-08T00:00:00+00:00
[2022-01-18 12:07:19,689] {standard_task_runner.py:52} INFO - Started process 1114 to run task
[2022-01-18 12:07:19,696] {standard_task_runner.py:76} INFO - Running: ['***', 'tasks', 'run', 'example_dag_2', 'dbt_run', '2021-04-08T00:00:00+00:00', '--job-id', '966', '--pool', 'default_pool', '--raw', '--subdir', 'DAGS_FOLDER/dbt_example.py', '--cfg-path', '/tmp/tmpe48zxg2k', '--error-file', '/tmp/tmpwit2n9ym']
[2022-01-18 12:07:19,698] {standard_task_runner.py:77} INFO - Job 966: Subtask dbt_run
[2022-01-18 12:07:19,786] {logging_mixin.py:109} INFO - Running <TaskInstance: example_dag_2.dbt_run 2021-04-08T00:00:00+00:00 [running]> on host c7f08ec3c7e5
[2022-01-18 12:07:20,034] {taskinstance.py:1251} INFO - Exporting the following env vars:
AIRFLOW_CTX_DAG_OWNER=***
AIRFLOW_CTX_DAG_ID=example_dag_2
AIRFLOW_CTX_TASK_ID=dbt_run
AIRFLOW_CTX_EXECUTION_DATE=2021-04-08T00:00:00+00:00
AIRFLOW_CTX_DAG_RUN_ID=scheduled__2021-04-08T00:00:00+00:00
[2022-01-18 12:07:20,035] {subprocess.py:52} INFO - Tmp dir root location: 
 /tmp
[2022-01-18 12:07:20,036] {subprocess.py:63} INFO - Running command: ['bash', '-c', 'pwd']
[2022-01-18 12:07:20,074] {subprocess.py:74} INFO - Output:
[2022-01-18 12:07:20,077] {subprocess.py:78} INFO - /tmp/***tmpex69wyk4
[2022-01-18 12:07:20,077] {subprocess.py:82} INFO - Command exited with return code 0
[2022-01-18 12:07:20,167] {taskinstance.py:1211} INFO - Marking task as SUCCESS. dag_id=example_dag_2, task_id=dbt_run, execution_date=20210408T000000, start_date=20220118T120719, end_date=20220118T120720
[2022-01-18 12:07:20,239] {local_task_job.py:151} INFO - Task exited with return code 0
[2022-01-18 12:07:20,278] {local_task_job.py:261} INFO - 0 downstream tasks scheduled from follow-on schedule check
