[2022-01-18 12:06:12,790] {taskinstance.py:903} INFO - Dependencies all met for <TaskInstance: example_dag_2.dbt_run 2020-07-10T00:00:00+00:00 [queued]>
[2022-01-18 12:06:12,858] {taskinstance.py:903} INFO - Dependencies all met for <TaskInstance: example_dag_2.dbt_run 2020-07-10T00:00:00+00:00 [queued]>
[2022-01-18 12:06:12,859] {taskinstance.py:1094} INFO - 
--------------------------------------------------------------------------------
[2022-01-18 12:06:12,859] {taskinstance.py:1095} INFO - Starting attempt 1 of 1
[2022-01-18 12:06:12,859] {taskinstance.py:1096} INFO - 
--------------------------------------------------------------------------------
[2022-01-18 12:06:12,961] {taskinstance.py:1114} INFO - Executing <Task(BashOperator): dbt_run> on 2020-07-10T00:00:00+00:00
[2022-01-18 12:06:12,965] {standard_task_runner.py:52} INFO - Started process 278 to run task
[2022-01-18 12:06:13,027] {standard_task_runner.py:76} INFO - Running: ['***', 'tasks', 'run', 'example_dag_2', 'dbt_run', '2020-07-10T00:00:00+00:00', '--job-id', '694', '--pool', 'default_pool', '--raw', '--subdir', 'DAGS_FOLDER/dbt_example.py', '--cfg-path', '/tmp/tmp5k91r0gi', '--error-file', '/tmp/tmpt16ypbty']
[2022-01-18 12:06:13,028] {standard_task_runner.py:77} INFO - Job 694: Subtask dbt_run
[2022-01-18 12:06:13,244] {logging_mixin.py:109} INFO - Running <TaskInstance: example_dag_2.dbt_run 2020-07-10T00:00:00+00:00 [running]> on host c7f08ec3c7e5
[2022-01-18 12:06:13,485] {taskinstance.py:1251} INFO - Exporting the following env vars:
AIRFLOW_CTX_DAG_OWNER=***
AIRFLOW_CTX_DAG_ID=example_dag_2
AIRFLOW_CTX_TASK_ID=dbt_run
AIRFLOW_CTX_EXECUTION_DATE=2020-07-10T00:00:00+00:00
AIRFLOW_CTX_DAG_RUN_ID=scheduled__2020-07-10T00:00:00+00:00
[2022-01-18 12:06:13,486] {subprocess.py:52} INFO - Tmp dir root location: 
 /tmp
[2022-01-18 12:06:13,487] {subprocess.py:63} INFO - Running command: ['bash', '-c', 'pwd']
[2022-01-18 12:06:13,540] {subprocess.py:74} INFO - Output:
[2022-01-18 12:06:13,547] {subprocess.py:78} INFO - /tmp/***tmpgn0sgmm4
[2022-01-18 12:06:13,566] {subprocess.py:82} INFO - Command exited with return code 0
[2022-01-18 12:06:13,692] {taskinstance.py:1211} INFO - Marking task as SUCCESS. dag_id=example_dag_2, task_id=dbt_run, execution_date=20200710T000000, start_date=20220118T120612, end_date=20220118T120613
[2022-01-18 12:06:13,810] {local_task_job.py:151} INFO - Task exited with return code 0
[2022-01-18 12:06:13,914] {local_task_job.py:261} INFO - 0 downstream tasks scheduled from follow-on schedule check
