[2022-01-18 12:07:41,504] {taskinstance.py:903} INFO - Dependencies all met for <TaskInstance: example_dag_2.dbt_run 2021-08-14T00:00:00+00:00 [queued]>
[2022-01-18 12:07:41,517] {taskinstance.py:903} INFO - Dependencies all met for <TaskInstance: example_dag_2.dbt_run 2021-08-14T00:00:00+00:00 [queued]>
[2022-01-18 12:07:41,517] {taskinstance.py:1094} INFO - 
--------------------------------------------------------------------------------
[2022-01-18 12:07:41,517] {taskinstance.py:1095} INFO - Starting attempt 1 of 1
[2022-01-18 12:07:41,517] {taskinstance.py:1096} INFO - 
--------------------------------------------------------------------------------
[2022-01-18 12:07:41,566] {taskinstance.py:1114} INFO - Executing <Task(BashOperator): dbt_run> on 2021-08-14T00:00:00+00:00
[2022-01-18 12:07:41,585] {standard_task_runner.py:52} INFO - Started process 1509 to run task
[2022-01-18 12:07:41,608] {standard_task_runner.py:76} INFO - Running: ['***', 'tasks', 'run', 'example_dag_2', 'dbt_run', '2021-08-14T00:00:00+00:00', '--job-id', '1094', '--pool', 'default_pool', '--raw', '--subdir', 'DAGS_FOLDER/dbt_example.py', '--cfg-path', '/tmp/tmpv357ij2o', '--error-file', '/tmp/tmppimywmgq']
[2022-01-18 12:07:41,609] {standard_task_runner.py:77} INFO - Job 1094: Subtask dbt_run
[2022-01-18 12:07:41,724] {logging_mixin.py:109} INFO - Running <TaskInstance: example_dag_2.dbt_run 2021-08-14T00:00:00+00:00 [running]> on host c7f08ec3c7e5
[2022-01-18 12:07:41,840] {taskinstance.py:1251} INFO - Exporting the following env vars:
AIRFLOW_CTX_DAG_OWNER=***
AIRFLOW_CTX_DAG_ID=example_dag_2
AIRFLOW_CTX_TASK_ID=dbt_run
AIRFLOW_CTX_EXECUTION_DATE=2021-08-14T00:00:00+00:00
AIRFLOW_CTX_DAG_RUN_ID=scheduled__2021-08-14T00:00:00+00:00
[2022-01-18 12:07:41,840] {subprocess.py:52} INFO - Tmp dir root location: 
 /tmp
[2022-01-18 12:07:41,841] {subprocess.py:63} INFO - Running command: ['bash', '-c', 'pwd']
[2022-01-18 12:07:41,878] {subprocess.py:74} INFO - Output:
[2022-01-18 12:07:41,880] {subprocess.py:78} INFO - /tmp/***tmpc3_c5kly
[2022-01-18 12:07:41,881] {subprocess.py:82} INFO - Command exited with return code 0
[2022-01-18 12:07:41,934] {taskinstance.py:1211} INFO - Marking task as SUCCESS. dag_id=example_dag_2, task_id=dbt_run, execution_date=20210814T000000, start_date=20220118T120741, end_date=20220118T120741
[2022-01-18 12:07:41,987] {local_task_job.py:151} INFO - Task exited with return code 0
[2022-01-18 12:07:42,024] {local_task_job.py:261} INFO - 0 downstream tasks scheduled from follow-on schedule check
