[2022-01-18 12:07:45,767] {taskinstance.py:903} INFO - Dependencies all met for <TaskInstance: example_dag_2.dbt_run 2021-09-09T00:00:00+00:00 [queued]>
[2022-01-18 12:07:45,778] {taskinstance.py:903} INFO - Dependencies all met for <TaskInstance: example_dag_2.dbt_run 2021-09-09T00:00:00+00:00 [queued]>
[2022-01-18 12:07:45,778] {taskinstance.py:1094} INFO - 
--------------------------------------------------------------------------------
[2022-01-18 12:07:45,778] {taskinstance.py:1095} INFO - Starting attempt 1 of 1
[2022-01-18 12:07:45,778] {taskinstance.py:1096} INFO - 
--------------------------------------------------------------------------------
[2022-01-18 12:07:45,813] {taskinstance.py:1114} INFO - Executing <Task(BashOperator): dbt_run> on 2021-09-09T00:00:00+00:00
[2022-01-18 12:07:45,817] {standard_task_runner.py:52} INFO - Started process 1585 to run task
[2022-01-18 12:07:45,826] {standard_task_runner.py:76} INFO - Running: ['***', 'tasks', 'run', 'example_dag_2', 'dbt_run', '2021-09-09T00:00:00+00:00', '--job-id', '1120', '--pool', 'default_pool', '--raw', '--subdir', 'DAGS_FOLDER/dbt_example.py', '--cfg-path', '/tmp/tmpmzr_xzc3', '--error-file', '/tmp/tmput9plv9j']
[2022-01-18 12:07:45,831] {standard_task_runner.py:77} INFO - Job 1120: Subtask dbt_run
[2022-01-18 12:07:45,953] {logging_mixin.py:109} INFO - Running <TaskInstance: example_dag_2.dbt_run 2021-09-09T00:00:00+00:00 [running]> on host c7f08ec3c7e5
[2022-01-18 12:07:46,076] {taskinstance.py:1251} INFO - Exporting the following env vars:
AIRFLOW_CTX_DAG_OWNER=***
AIRFLOW_CTX_DAG_ID=example_dag_2
AIRFLOW_CTX_TASK_ID=dbt_run
AIRFLOW_CTX_EXECUTION_DATE=2021-09-09T00:00:00+00:00
AIRFLOW_CTX_DAG_RUN_ID=scheduled__2021-09-09T00:00:00+00:00
[2022-01-18 12:07:46,077] {subprocess.py:52} INFO - Tmp dir root location: 
 /tmp
[2022-01-18 12:07:46,077] {subprocess.py:63} INFO - Running command: ['bash', '-c', 'pwd']
[2022-01-18 12:07:46,096] {subprocess.py:74} INFO - Output:
[2022-01-18 12:07:46,106] {subprocess.py:78} INFO - /tmp/***tmprfpbpbm0
[2022-01-18 12:07:46,106] {subprocess.py:82} INFO - Command exited with return code 0
[2022-01-18 12:07:46,155] {taskinstance.py:1211} INFO - Marking task as SUCCESS. dag_id=example_dag_2, task_id=dbt_run, execution_date=20210909T000000, start_date=20220118T120745, end_date=20220118T120746
[2022-01-18 12:07:46,207] {local_task_job.py:151} INFO - Task exited with return code 0
[2022-01-18 12:07:46,246] {local_task_job.py:261} INFO - 0 downstream tasks scheduled from follow-on schedule check
