[2022-01-18 12:06:45,103] {taskinstance.py:903} INFO - Dependencies all met for <TaskInstance: example_dag_2.dbt_run 2020-10-05T00:00:00+00:00 [queued]>
[2022-01-18 12:06:45,111] {taskinstance.py:903} INFO - Dependencies all met for <TaskInstance: example_dag_2.dbt_run 2020-10-05T00:00:00+00:00 [queued]>
[2022-01-18 12:06:45,112] {taskinstance.py:1094} INFO - 
--------------------------------------------------------------------------------
[2022-01-18 12:06:45,112] {taskinstance.py:1095} INFO - Starting attempt 1 of 1
[2022-01-18 12:06:45,112] {taskinstance.py:1096} INFO - 
--------------------------------------------------------------------------------
[2022-01-18 12:06:45,132] {taskinstance.py:1114} INFO - Executing <Task(BashOperator): dbt_run> on 2020-10-05T00:00:00+00:00
[2022-01-18 12:06:45,136] {standard_task_runner.py:52} INFO - Started process 548 to run task
[2022-01-18 12:06:45,144] {standard_task_runner.py:76} INFO - Running: ['***', 'tasks', 'run', 'example_dag_2', 'dbt_run', '2020-10-05T00:00:00+00:00', '--job-id', '781', '--pool', 'default_pool', '--raw', '--subdir', 'DAGS_FOLDER/dbt_example.py', '--cfg-path', '/tmp/tmpjzajzbif', '--error-file', '/tmp/tmpccy98p06']
[2022-01-18 12:06:45,145] {standard_task_runner.py:77} INFO - Job 781: Subtask dbt_run
[2022-01-18 12:06:45,256] {logging_mixin.py:109} INFO - Running <TaskInstance: example_dag_2.dbt_run 2020-10-05T00:00:00+00:00 [running]> on host c7f08ec3c7e5
[2022-01-18 12:06:45,342] {taskinstance.py:1251} INFO - Exporting the following env vars:
AIRFLOW_CTX_DAG_OWNER=***
AIRFLOW_CTX_DAG_ID=example_dag_2
AIRFLOW_CTX_TASK_ID=dbt_run
AIRFLOW_CTX_EXECUTION_DATE=2020-10-05T00:00:00+00:00
AIRFLOW_CTX_DAG_RUN_ID=scheduled__2020-10-05T00:00:00+00:00
[2022-01-18 12:06:45,343] {subprocess.py:52} INFO - Tmp dir root location: 
 /tmp
[2022-01-18 12:06:45,343] {subprocess.py:63} INFO - Running command: ['bash', '-c', 'pwd']
[2022-01-18 12:06:45,378] {subprocess.py:74} INFO - Output:
[2022-01-18 12:06:45,380] {subprocess.py:78} INFO - /tmp/***tmpc5s30d3y
[2022-01-18 12:06:45,381] {subprocess.py:82} INFO - Command exited with return code 0
[2022-01-18 12:06:45,449] {taskinstance.py:1211} INFO - Marking task as SUCCESS. dag_id=example_dag_2, task_id=dbt_run, execution_date=20201005T000000, start_date=20220118T120645, end_date=20220118T120645
[2022-01-18 12:06:45,494] {local_task_job.py:151} INFO - Task exited with return code 0
[2022-01-18 12:06:45,542] {local_task_job.py:261} INFO - 0 downstream tasks scheduled from follow-on schedule check
