[2022-01-18 12:07:04,973] {taskinstance.py:903} INFO - Dependencies all met for <TaskInstance: example_dag_2.dbt_run 2021-01-18T00:00:00+00:00 [queued]>
[2022-01-18 12:07:04,982] {taskinstance.py:903} INFO - Dependencies all met for <TaskInstance: example_dag_2.dbt_run 2021-01-18T00:00:00+00:00 [queued]>
[2022-01-18 12:07:04,982] {taskinstance.py:1094} INFO - 
--------------------------------------------------------------------------------
[2022-01-18 12:07:04,983] {taskinstance.py:1095} INFO - Starting attempt 1 of 1
[2022-01-18 12:07:04,983] {taskinstance.py:1096} INFO - 
--------------------------------------------------------------------------------
[2022-01-18 12:07:05,003] {taskinstance.py:1114} INFO - Executing <Task(BashOperator): dbt_run> on 2021-01-18T00:00:00+00:00
[2022-01-18 12:07:05,007] {standard_task_runner.py:52} INFO - Started process 875 to run task
[2022-01-18 12:07:05,012] {standard_task_runner.py:76} INFO - Running: ['***', 'tasks', 'run', 'example_dag_2', 'dbt_run', '2021-01-18T00:00:00+00:00', '--job-id', '886', '--pool', 'default_pool', '--raw', '--subdir', 'DAGS_FOLDER/dbt_example.py', '--cfg-path', '/tmp/tmpvm8yfked', '--error-file', '/tmp/tmp5l0ud18_']
[2022-01-18 12:07:05,013] {standard_task_runner.py:77} INFO - Job 886: Subtask dbt_run
[2022-01-18 12:07:05,083] {logging_mixin.py:109} INFO - Running <TaskInstance: example_dag_2.dbt_run 2021-01-18T00:00:00+00:00 [running]> on host c7f08ec3c7e5
[2022-01-18 12:07:05,180] {taskinstance.py:1251} INFO - Exporting the following env vars:
AIRFLOW_CTX_DAG_OWNER=***
AIRFLOW_CTX_DAG_ID=example_dag_2
AIRFLOW_CTX_TASK_ID=dbt_run
AIRFLOW_CTX_EXECUTION_DATE=2021-01-18T00:00:00+00:00
AIRFLOW_CTX_DAG_RUN_ID=scheduled__2021-01-18T00:00:00+00:00
[2022-01-18 12:07:05,181] {subprocess.py:52} INFO - Tmp dir root location: 
 /tmp
[2022-01-18 12:07:05,181] {subprocess.py:63} INFO - Running command: ['bash', '-c', 'pwd']
[2022-01-18 12:07:05,214] {subprocess.py:74} INFO - Output:
[2022-01-18 12:07:05,217] {subprocess.py:78} INFO - /tmp/***tmpx4bli5n7
[2022-01-18 12:07:05,217] {subprocess.py:82} INFO - Command exited with return code 0
[2022-01-18 12:07:05,268] {taskinstance.py:1211} INFO - Marking task as SUCCESS. dag_id=example_dag_2, task_id=dbt_run, execution_date=20210118T000000, start_date=20220118T120704, end_date=20220118T120705
[2022-01-18 12:07:05,308] {local_task_job.py:151} INFO - Task exited with return code 0
[2022-01-18 12:07:05,354] {local_task_job.py:261} INFO - 0 downstream tasks scheduled from follow-on schedule check
