[2022-01-18 12:06:37,770] {taskinstance.py:903} INFO - Dependencies all met for <TaskInstance: example_dag_2.dbt_run 2020-09-06T00:00:00+00:00 [queued]>
[2022-01-18 12:06:37,785] {taskinstance.py:903} INFO - Dependencies all met for <TaskInstance: example_dag_2.dbt_run 2020-09-06T00:00:00+00:00 [queued]>
[2022-01-18 12:06:37,794] {taskinstance.py:1094} INFO - 
--------------------------------------------------------------------------------
[2022-01-18 12:06:37,794] {taskinstance.py:1095} INFO - Starting attempt 1 of 1
[2022-01-18 12:06:37,794] {taskinstance.py:1096} INFO - 
--------------------------------------------------------------------------------
[2022-01-18 12:06:37,843] {taskinstance.py:1114} INFO - Executing <Task(BashOperator): dbt_run> on 2020-09-06T00:00:00+00:00
[2022-01-18 12:06:37,847] {standard_task_runner.py:52} INFO - Started process 462 to run task
[2022-01-18 12:06:37,856] {standard_task_runner.py:76} INFO - Running: ['***', 'tasks', 'run', 'example_dag_2', 'dbt_run', '2020-09-06T00:00:00+00:00', '--job-id', '752', '--pool', 'default_pool', '--raw', '--subdir', 'DAGS_FOLDER/dbt_example.py', '--cfg-path', '/tmp/tmp_ch_xs31', '--error-file', '/tmp/tmp8ld2v7ma']
[2022-01-18 12:06:37,857] {standard_task_runner.py:77} INFO - Job 752: Subtask dbt_run
[2022-01-18 12:06:37,968] {logging_mixin.py:109} INFO - Running <TaskInstance: example_dag_2.dbt_run 2020-09-06T00:00:00+00:00 [running]> on host c7f08ec3c7e5
[2022-01-18 12:06:38,214] {taskinstance.py:1251} INFO - Exporting the following env vars:
AIRFLOW_CTX_DAG_OWNER=***
AIRFLOW_CTX_DAG_ID=example_dag_2
AIRFLOW_CTX_TASK_ID=dbt_run
AIRFLOW_CTX_EXECUTION_DATE=2020-09-06T00:00:00+00:00
AIRFLOW_CTX_DAG_RUN_ID=scheduled__2020-09-06T00:00:00+00:00
[2022-01-18 12:06:38,215] {subprocess.py:52} INFO - Tmp dir root location: 
 /tmp
[2022-01-18 12:06:38,216] {subprocess.py:63} INFO - Running command: ['bash', '-c', 'pwd']
[2022-01-18 12:06:38,240] {subprocess.py:74} INFO - Output:
[2022-01-18 12:06:38,247] {subprocess.py:78} INFO - /tmp/***tmpw57f_kjx
[2022-01-18 12:06:38,247] {subprocess.py:82} INFO - Command exited with return code 0
[2022-01-18 12:06:38,337] {taskinstance.py:1211} INFO - Marking task as SUCCESS. dag_id=example_dag_2, task_id=dbt_run, execution_date=20200906T000000, start_date=20220118T120637, end_date=20220118T120638
[2022-01-18 12:06:38,454] {local_task_job.py:151} INFO - Task exited with return code 0
[2022-01-18 12:06:38,520] {local_task_job.py:261} INFO - 0 downstream tasks scheduled from follow-on schedule check
