[2022-01-18 14:49:51,356] {taskinstance.py:903} INFO - Dependencies all met for <TaskInstance: example_dag.dbt_trigger 2022-01-18T14:49:17.926033+00:00 [queued]>
[2022-01-18 14:49:51,361] {taskinstance.py:903} INFO - Dependencies all met for <TaskInstance: example_dag.dbt_trigger 2022-01-18T14:49:17.926033+00:00 [queued]>
[2022-01-18 14:49:51,362] {taskinstance.py:1094} INFO - 
--------------------------------------------------------------------------------
[2022-01-18 14:49:51,362] {taskinstance.py:1095} INFO - Starting attempt 1 of 1
[2022-01-18 14:49:51,362] {taskinstance.py:1096} INFO - 
--------------------------------------------------------------------------------
[2022-01-18 14:49:51,374] {taskinstance.py:1114} INFO - Executing <Task(BashOperator): dbt_trigger> on 2022-01-18T14:49:17.926033+00:00
[2022-01-18 14:49:51,378] {standard_task_runner.py:52} INFO - Started process 5217 to run task
[2022-01-18 14:49:51,381] {standard_task_runner.py:76} INFO - Running: ['***', 'tasks', 'run', 'example_dag', 'dbt_trigger', '2022-01-18T14:49:17.926033+00:00', '--job-id', '1252', '--pool', 'default_pool', '--raw', '--subdir', 'DAGS_FOLDER/example_dag.py', '--cfg-path', '/tmp/tmp0tto6ihf', '--error-file', '/tmp/tmphk26rex4']
[2022-01-18 14:49:51,382] {standard_task_runner.py:77} INFO - Job 1252: Subtask dbt_trigger
[2022-01-18 14:49:51,425] {logging_mixin.py:109} INFO - Running <TaskInstance: example_dag.dbt_trigger 2022-01-18T14:49:17.926033+00:00 [running]> on host c7f08ec3c7e5
[2022-01-18 14:49:51,473] {taskinstance.py:1251} INFO - Exporting the following env vars:
AIRFLOW_CTX_DAG_OWNER=***
AIRFLOW_CTX_DAG_ID=example_dag
AIRFLOW_CTX_TASK_ID=dbt_trigger
AIRFLOW_CTX_EXECUTION_DATE=2022-01-18T14:49:17.926033+00:00
AIRFLOW_CTX_DAG_RUN_ID=manual__2022-01-18T14:49:17.926033+00:00
[2022-01-18 14:49:51,474] {subprocess.py:52} INFO - Tmp dir root location: 
 /tmp
[2022-01-18 14:49:51,474] {subprocess.py:63} INFO - Running command: ['bash', '-c', 'pwd']
[2022-01-18 14:49:51,481] {subprocess.py:74} INFO - Output:
[2022-01-18 14:49:51,482] {subprocess.py:78} INFO - /tmp/***tmpaydcwxud
[2022-01-18 14:49:51,482] {subprocess.py:82} INFO - Command exited with return code 0
[2022-01-18 14:49:51,508] {taskinstance.py:1211} INFO - Marking task as SUCCESS. dag_id=example_dag, task_id=dbt_trigger, execution_date=20220118T144917, start_date=20220118T144951, end_date=20220118T144951
[2022-01-18 14:49:51,552] {local_task_job.py:151} INFO - Task exited with return code 0
[2022-01-18 14:49:51,571] {local_task_job.py:261} INFO - 0 downstream tasks scheduled from follow-on schedule check
