[2022-01-18 12:06:54,617] {taskinstance.py:903} INFO - Dependencies all met for <TaskInstance: example_dag_2.dbt_run 2020-11-24T00:00:00+00:00 [queued]>
[2022-01-18 12:06:54,624] {taskinstance.py:903} INFO - Dependencies all met for <TaskInstance: example_dag_2.dbt_run 2020-11-24T00:00:00+00:00 [queued]>
[2022-01-18 12:06:54,625] {taskinstance.py:1094} INFO - 
--------------------------------------------------------------------------------
[2022-01-18 12:06:54,625] {taskinstance.py:1095} INFO - Starting attempt 1 of 1
[2022-01-18 12:06:54,625] {taskinstance.py:1096} INFO - 
--------------------------------------------------------------------------------
[2022-01-18 12:06:54,659] {taskinstance.py:1114} INFO - Executing <Task(BashOperator): dbt_run> on 2020-11-24T00:00:00+00:00
[2022-01-18 12:06:54,663] {standard_task_runner.py:52} INFO - Started process 699 to run task
[2022-01-18 12:06:54,669] {standard_task_runner.py:76} INFO - Running: ['***', 'tasks', 'run', 'example_dag_2', 'dbt_run', '2020-11-24T00:00:00+00:00', '--job-id', '831', '--pool', 'default_pool', '--raw', '--subdir', 'DAGS_FOLDER/dbt_example.py', '--cfg-path', '/tmp/tmp5mk5hnxi', '--error-file', '/tmp/tmpufmo1c4g']
[2022-01-18 12:06:54,670] {standard_task_runner.py:77} INFO - Job 831: Subtask dbt_run
[2022-01-18 12:06:54,745] {logging_mixin.py:109} INFO - Running <TaskInstance: example_dag_2.dbt_run 2020-11-24T00:00:00+00:00 [running]> on host c7f08ec3c7e5
[2022-01-18 12:06:54,886] {taskinstance.py:1251} INFO - Exporting the following env vars:
AIRFLOW_CTX_DAG_OWNER=***
AIRFLOW_CTX_DAG_ID=example_dag_2
AIRFLOW_CTX_TASK_ID=dbt_run
AIRFLOW_CTX_EXECUTION_DATE=2020-11-24T00:00:00+00:00
AIRFLOW_CTX_DAG_RUN_ID=scheduled__2020-11-24T00:00:00+00:00
[2022-01-18 12:06:54,887] {subprocess.py:52} INFO - Tmp dir root location: 
 /tmp
[2022-01-18 12:06:54,888] {subprocess.py:63} INFO - Running command: ['bash', '-c', 'pwd']
[2022-01-18 12:06:54,914] {subprocess.py:74} INFO - Output:
[2022-01-18 12:06:54,918] {subprocess.py:78} INFO - /tmp/***tmpuyvrd2or
[2022-01-18 12:06:54,925] {subprocess.py:82} INFO - Command exited with return code 0
[2022-01-18 12:06:54,995] {taskinstance.py:1211} INFO - Marking task as SUCCESS. dag_id=example_dag_2, task_id=dbt_run, execution_date=20201124T000000, start_date=20220118T120654, end_date=20220118T120654
[2022-01-18 12:06:55,048] {local_task_job.py:151} INFO - Task exited with return code 0
[2022-01-18 12:06:55,118] {local_task_job.py:261} INFO - 0 downstream tasks scheduled from follow-on schedule check
