[2022-01-18 12:07:57,240] {taskinstance.py:903} INFO - Dependencies all met for <TaskInstance: example_dag_2.dbt_run 2021-11-18T00:00:00+00:00 [queued]>
[2022-01-18 12:07:57,264] {taskinstance.py:903} INFO - Dependencies all met for <TaskInstance: example_dag_2.dbt_run 2021-11-18T00:00:00+00:00 [queued]>
[2022-01-18 12:07:57,264] {taskinstance.py:1094} INFO - 
--------------------------------------------------------------------------------
[2022-01-18 12:07:57,264] {taskinstance.py:1095} INFO - Starting attempt 1 of 1
[2022-01-18 12:07:57,264] {taskinstance.py:1096} INFO - 
--------------------------------------------------------------------------------
[2022-01-18 12:07:57,288] {taskinstance.py:1114} INFO - Executing <Task(BashOperator): dbt_run> on 2021-11-18T00:00:00+00:00
[2022-01-18 12:07:57,293] {standard_task_runner.py:52} INFO - Started process 1806 to run task
[2022-01-18 12:07:57,301] {standard_task_runner.py:76} INFO - Running: ['***', 'tasks', 'run', 'example_dag_2', 'dbt_run', '2021-11-18T00:00:00+00:00', '--job-id', '1190', '--pool', 'default_pool', '--raw', '--subdir', 'DAGS_FOLDER/dbt_example.py', '--cfg-path', '/tmp/tmpf6xv5kva', '--error-file', '/tmp/tmpvog6pxht']
[2022-01-18 12:07:57,305] {standard_task_runner.py:77} INFO - Job 1190: Subtask dbt_run
[2022-01-18 12:07:57,400] {logging_mixin.py:109} INFO - Running <TaskInstance: example_dag_2.dbt_run 2021-11-18T00:00:00+00:00 [running]> on host c7f08ec3c7e5
[2022-01-18 12:07:57,542] {taskinstance.py:1251} INFO - Exporting the following env vars:
AIRFLOW_CTX_DAG_OWNER=***
AIRFLOW_CTX_DAG_ID=example_dag_2
AIRFLOW_CTX_TASK_ID=dbt_run
AIRFLOW_CTX_EXECUTION_DATE=2021-11-18T00:00:00+00:00
AIRFLOW_CTX_DAG_RUN_ID=scheduled__2021-11-18T00:00:00+00:00
[2022-01-18 12:07:57,543] {subprocess.py:52} INFO - Tmp dir root location: 
 /tmp
[2022-01-18 12:07:57,543] {subprocess.py:63} INFO - Running command: ['bash', '-c', 'pwd']
[2022-01-18 12:07:57,561] {subprocess.py:74} INFO - Output:
[2022-01-18 12:07:57,561] {subprocess.py:78} INFO - /tmp/***tmp670_ugh9
[2022-01-18 12:07:57,561] {subprocess.py:82} INFO - Command exited with return code 0
[2022-01-18 12:07:57,666] {taskinstance.py:1211} INFO - Marking task as SUCCESS. dag_id=example_dag_2, task_id=dbt_run, execution_date=20211118T000000, start_date=20220118T120757, end_date=20220118T120757
[2022-01-18 12:07:57,721] {local_task_job.py:151} INFO - Task exited with return code 0
[2022-01-18 12:07:57,769] {local_task_job.py:261} INFO - 0 downstream tasks scheduled from follow-on schedule check
