[2022-01-17 11:48:05,409] {taskinstance.py:903} INFO - Dependencies all met for <TaskInstance: example_dag.dbt_trigger 2022-01-17T11:47:31.896041+00:00 [queued]>
[2022-01-17 11:48:05,415] {taskinstance.py:903} INFO - Dependencies all met for <TaskInstance: example_dag.dbt_trigger 2022-01-17T11:47:31.896041+00:00 [queued]>
[2022-01-17 11:48:05,415] {taskinstance.py:1094} INFO - 
--------------------------------------------------------------------------------
[2022-01-17 11:48:05,415] {taskinstance.py:1095} INFO - Starting attempt 1 of 1
[2022-01-17 11:48:05,415] {taskinstance.py:1096} INFO - 
--------------------------------------------------------------------------------
[2022-01-17 11:48:05,427] {taskinstance.py:1114} INFO - Executing <Task(BashOperator): dbt_trigger> on 2022-01-17T11:47:31.896041+00:00
[2022-01-17 11:48:05,431] {standard_task_runner.py:52} INFO - Started process 174 to run task
[2022-01-17 11:48:05,434] {standard_task_runner.py:76} INFO - Running: ['***', 'tasks', 'run', 'example_dag', 'dbt_trigger', '2022-01-17T11:47:31.896041+00:00', '--job-id', '25', '--pool', 'default_pool', '--raw', '--subdir', 'DAGS_FOLDER/example_dag.py', '--cfg-path', '/tmp/tmpfsp23dia', '--error-file', '/tmp/tmpj6q87se0']
[2022-01-17 11:48:05,435] {standard_task_runner.py:77} INFO - Job 25: Subtask dbt_trigger
[2022-01-17 11:48:05,477] {logging_mixin.py:109} INFO - Running <TaskInstance: example_dag.dbt_trigger 2022-01-17T11:47:31.896041+00:00 [running]> on host efd93b66773e
[2022-01-17 11:48:05,528] {taskinstance.py:1251} INFO - Exporting the following env vars:
AIRFLOW_CTX_DAG_OWNER=***
AIRFLOW_CTX_DAG_ID=example_dag
AIRFLOW_CTX_TASK_ID=dbt_trigger
AIRFLOW_CTX_EXECUTION_DATE=2022-01-17T11:47:31.896041+00:00
AIRFLOW_CTX_DAG_RUN_ID=manual__2022-01-17T11:47:31.896041+00:00
[2022-01-17 11:48:05,529] {subprocess.py:52} INFO - Tmp dir root location: 
 /tmp
[2022-01-17 11:48:05,529] {subprocess.py:63} INFO - Running command: ['bash', '-c', 'pwd']
[2022-01-17 11:48:05,536] {subprocess.py:74} INFO - Output:
[2022-01-17 11:48:05,537] {subprocess.py:78} INFO - /tmp/***tmpo_4jsn9p
[2022-01-17 11:48:05,537] {subprocess.py:82} INFO - Command exited with return code 0
[2022-01-17 11:48:05,564] {taskinstance.py:1211} INFO - Marking task as SUCCESS. dag_id=example_dag, task_id=dbt_trigger, execution_date=20220117T114731, start_date=20220117T114805, end_date=20220117T114805
[2022-01-17 11:48:05,605] {local_task_job.py:151} INFO - Task exited with return code 0
[2022-01-17 11:48:05,624] {local_task_job.py:261} INFO - 0 downstream tasks scheduled from follow-on schedule check
