[2022-01-18 12:06:47,168] {taskinstance.py:903} INFO - Dependencies all met for <TaskInstance: example_dag_2.dbt_run 2020-10-17T00:00:00+00:00 [queued]>
[2022-01-18 12:06:47,176] {taskinstance.py:903} INFO - Dependencies all met for <TaskInstance: example_dag_2.dbt_run 2020-10-17T00:00:00+00:00 [queued]>
[2022-01-18 12:06:47,176] {taskinstance.py:1094} INFO - 
--------------------------------------------------------------------------------
[2022-01-18 12:06:47,176] {taskinstance.py:1095} INFO - Starting attempt 1 of 1
[2022-01-18 12:06:47,177] {taskinstance.py:1096} INFO - 
--------------------------------------------------------------------------------
[2022-01-18 12:06:47,194] {taskinstance.py:1114} INFO - Executing <Task(BashOperator): dbt_run> on 2020-10-17T00:00:00+00:00
[2022-01-18 12:06:47,198] {standard_task_runner.py:52} INFO - Started process 584 to run task
[2022-01-18 12:06:47,222] {standard_task_runner.py:76} INFO - Running: ['***', 'tasks', 'run', 'example_dag_2', 'dbt_run', '2020-10-17T00:00:00+00:00', '--job-id', '793', '--pool', 'default_pool', '--raw', '--subdir', 'DAGS_FOLDER/dbt_example.py', '--cfg-path', '/tmp/tmpxjf7kd38', '--error-file', '/tmp/tmpp553nh_3']
[2022-01-18 12:06:47,223] {standard_task_runner.py:77} INFO - Job 793: Subtask dbt_run
[2022-01-18 12:06:47,433] {logging_mixin.py:109} INFO - Running <TaskInstance: example_dag_2.dbt_run 2020-10-17T00:00:00+00:00 [running]> on host c7f08ec3c7e5
[2022-01-18 12:06:47,529] {taskinstance.py:1251} INFO - Exporting the following env vars:
AIRFLOW_CTX_DAG_OWNER=***
AIRFLOW_CTX_DAG_ID=example_dag_2
AIRFLOW_CTX_TASK_ID=dbt_run
AIRFLOW_CTX_EXECUTION_DATE=2020-10-17T00:00:00+00:00
AIRFLOW_CTX_DAG_RUN_ID=scheduled__2020-10-17T00:00:00+00:00
[2022-01-18 12:06:47,530] {subprocess.py:52} INFO - Tmp dir root location: 
 /tmp
[2022-01-18 12:06:47,531] {subprocess.py:63} INFO - Running command: ['bash', '-c', 'pwd']
[2022-01-18 12:06:47,552] {subprocess.py:74} INFO - Output:
[2022-01-18 12:06:47,555] {subprocess.py:78} INFO - /tmp/***tmpw2pktv9k
[2022-01-18 12:06:47,555] {subprocess.py:82} INFO - Command exited with return code 0
[2022-01-18 12:06:47,622] {taskinstance.py:1211} INFO - Marking task as SUCCESS. dag_id=example_dag_2, task_id=dbt_run, execution_date=20201017T000000, start_date=20220118T120647, end_date=20220118T120647
[2022-01-18 12:06:47,732] {local_task_job.py:151} INFO - Task exited with return code 0
[2022-01-18 12:06:47,779] {local_task_job.py:261} INFO - 0 downstream tasks scheduled from follow-on schedule check
