[2022-01-18 12:06:00,210] {taskinstance.py:903} INFO - Dependencies all met for <TaskInstance: example_dag_2.dbt_run 2020-06-17T00:00:00+00:00 [queued]>
[2022-01-18 12:06:00,294] {taskinstance.py:903} INFO - Dependencies all met for <TaskInstance: example_dag_2.dbt_run 2020-06-17T00:00:00+00:00 [queued]>
[2022-01-18 12:06:00,294] {taskinstance.py:1094} INFO - 
--------------------------------------------------------------------------------
[2022-01-18 12:06:00,294] {taskinstance.py:1095} INFO - Starting attempt 1 of 1
[2022-01-18 12:06:00,294] {taskinstance.py:1096} INFO - 
--------------------------------------------------------------------------------
[2022-01-18 12:06:00,411] {taskinstance.py:1114} INFO - Executing <Task(BashOperator): dbt_run> on 2020-06-17T00:00:00+00:00
[2022-01-18 12:06:00,435] {standard_task_runner.py:52} INFO - Started process 208 to run task
[2022-01-18 12:06:00,447] {standard_task_runner.py:76} INFO - Running: ['***', 'tasks', 'run', 'example_dag_2', 'dbt_run', '2020-06-17T00:00:00+00:00', '--job-id', '671', '--pool', 'default_pool', '--raw', '--subdir', 'DAGS_FOLDER/dbt_example.py', '--cfg-path', '/tmp/tmp5m6pq0u6', '--error-file', '/tmp/tmpa__y2eci']
[2022-01-18 12:06:00,449] {standard_task_runner.py:77} INFO - Job 671: Subtask dbt_run
[2022-01-18 12:06:00,712] {logging_mixin.py:109} INFO - Running <TaskInstance: example_dag_2.dbt_run 2020-06-17T00:00:00+00:00 [running]> on host c7f08ec3c7e5
[2022-01-18 12:06:00,998] {taskinstance.py:1251} INFO - Exporting the following env vars:
AIRFLOW_CTX_DAG_OWNER=***
AIRFLOW_CTX_DAG_ID=example_dag_2
AIRFLOW_CTX_TASK_ID=dbt_run
AIRFLOW_CTX_EXECUTION_DATE=2020-06-17T00:00:00+00:00
AIRFLOW_CTX_DAG_RUN_ID=scheduled__2020-06-17T00:00:00+00:00
[2022-01-18 12:06:01,013] {subprocess.py:52} INFO - Tmp dir root location: 
 /tmp
[2022-01-18 12:06:01,014] {subprocess.py:63} INFO - Running command: ['bash', '-c', 'pwd']
[2022-01-18 12:06:01,094] {subprocess.py:74} INFO - Output:
[2022-01-18 12:06:01,132] {subprocess.py:78} INFO - /tmp/***tmpwq4o6d9g
[2022-01-18 12:06:01,157] {subprocess.py:82} INFO - Command exited with return code 0
[2022-01-18 12:06:01,339] {taskinstance.py:1211} INFO - Marking task as SUCCESS. dag_id=example_dag_2, task_id=dbt_run, execution_date=20200617T000000, start_date=20220118T120600, end_date=20220118T120601
[2022-01-18 12:06:01,427] {local_task_job.py:151} INFO - Task exited with return code 0
[2022-01-18 12:06:01,515] {local_task_job.py:261} INFO - 0 downstream tasks scheduled from follow-on schedule check
